e:\qt_projects\my_wechat\mychat\mychat\x64\debug\main.obj
e:\qt_projects\my_wechat\mychat\mychat\x64\debug\ccmainwindow.obj
e:\qt_projects\my_wechat\mychat\mychat\x64\debug\moc_ccmainwindow.obj
e:\qt_projects\my_wechat\mychat\mychat\x64\debug\qrc_ccmainwindow.obj
e:\qt_projects\my_wechat\mychat\mychat\x64\debug\vc142.pdb
e:\qt_projects\my_wechat\mychat\mychat\x64\debug\titlebar.obj
e:\qt_projects\my_wechat\mychat\mychat\x64\debug\basicwindow.obj
e:\qt_projects\my_wechat\mychat\mychat\x64\debug\moc_basicwindow.obj
e:\qt_projects\my_wechat\mychat\mychat\x64\debug\moc_titlebar.obj
e:\qt_projects\my_wechat\mychat\mychat\x64\debug\notifymanager.obj
e:\qt_projects\my_wechat\mychat\mychat\x64\debug\moc_notifymanager.obj
e:\qt_projects\my_wechat\mychat\mychat\x64\debug\userlogin.obj
e:\qt_projects\my_wechat\mychat\mychat\x64\debug\moc_userlogin.obj
e:\qt_projects\my_wechat\mychat\mychat\x64\debug\commonutils.obj
e:\qt_projects\my_wechat\mychat\x64\debug\mychat.exe
e:\qt_projects\my_wechat\mychat\x64\debug\mychat.ilk
e:\qt_projects\my_wechat\mychat\x64\debug\mychat.pdb
e:\qt_projects\my_wechat\mychat\mychat\x64\debug\moc\moc_ccmainwindow.cpp
e:\qt_projects\my_wechat\mychat\mychat\x64\debug\uic\ui_ccmainwindow.h
e:\qt_projects\my_wechat\mychat\mychat\x64\debug\rcc\qrc_ccmainwindow.cpp
e:\qt_projects\my_wechat\mychat\mychat\x64\debug\moc\moc_titlebar.cpp
e:\qt_projects\my_wechat\mychat\mychat\x64\debug\moc\moc_basicwidow.cpp
e:\qt_projects\my_wechat\mychat\mychat\x64\debug\moc\moc_basicwindow.cpp
e:\qt_projects\my_wechat\mychat\mychat\x64\debug\moc\moc_notifymanager.cpp
e:\qt_projects\my_wechat\mychat\mychat\x64\debug\uic\ui_userlogin.h
e:\qt_projects\my_wechat\mychat\mychat\x64\debug\moc\moc_userlogin.cpp
e:\qt_projects\my_wechat\mychat\mychat\x64\debug\mychat.tlog\cl.command.1.tlog
e:\qt_projects\my_wechat\mychat\mychat\x64\debug\mychat.tlog\cl.read.1.tlog
e:\qt_projects\my_wechat\mychat\mychat\x64\debug\mychat.tlog\cl.write.1.tlog
e:\qt_projects\my_wechat\mychat\mychat\x64\debug\mychat.tlog\link.command.1.tlog
e:\qt_projects\my_wechat\mychat\mychat\x64\debug\mychat.tlog\link.read.1.tlog
e:\qt_projects\my_wechat\mychat\mychat\x64\debug\mychat.tlog\link.write.1.tlog
e:\qt_projects\my_wechat\mychat\mychat\x64\debug\mychat.tlog\moc.read.1u.tlog
e:\qt_projects\my_wechat\mychat\mychat\x64\debug\mychat.tlog\moc.write.1u.tlog
e:\qt_projects\my_wechat\mychat\mychat\x64\debug\mychat.tlog\mychat.write.1u.tlog
e:\qt_projects\my_wechat\mychat\mychat\x64\debug\mychat.tlog\rcc.read.1u.tlog
e:\qt_projects\my_wechat\mychat\mychat\x64\debug\mychat.tlog\rcc.write.1u.tlog
e:\qt_projects\my_wechat\mychat\mychat\x64\debug\mychat.tlog\uic.read.1u.tlog
e:\qt_projects\my_wechat\mychat\mychat\x64\debug\mychat.tlog\uic.write.1u.tlog
